#
# A fatal error has been detected by the Java Runtime Environment:
#
#  EXCEPTION_ACCESS_VIOLATION (0xc0000005) at pc=0x0000000180023d1d, pid=8320, tid=0x000000000000160c
#
# JRE version: Java(TM) SE Runtime Environment (8.0_151-b12) (build 1.8.0_151-b12)
# Java VM: Java HotSpot(TM) 64-Bit Server VM (25.151-b12 mixed mode windows-amd64 compressed oops)
# Problematic frame:
# C  [ucrtbase.dll+0x23d1d]
#
# Failed to write core dump. Minidumps are not enabled by default on client versions of Windows
#
# If you would like to submit a bug report, please visit:
#   http://bugreport.java.com/bugreport/crash.jsp
# The crash happened outside the Java Virtual Machine in native code.
# See problematic frame for where to report the bug.
#

---------------  T H R E A D  ---------------

Current thread (0x000000002078e800):  JavaThread "Thread-4" [_thread_in_native, id=5644, stack(0x000000002b150000,0x000000002b250000)]

siginfo: ExceptionCode=0xc0000005, reading address 0x00000000281440a4

Registers:
RAX=0x000000000000009c, RBX=0x0000000028144784, RCX=0x0000000000000000, RDX=0x0000000000000000
RSP=0x000000002b24f2d0, RBP=0x0000000000000014, RSI=0x0000000028146ff4, RDI=0x0000000028143dd0
R8 =0x000000006a03e100, R9 =0x0000000000000000, R10=0x0000000063b461de, R11=0x000000002b24f220
R12=0x0000000000000087, R13=0x000000000000000a, R14=0x00000000ffffffff, R15=0x000000002b24f370
RIP=0x0000000180023d1d, EFLAGS=0x0000000000010287

Top of Stack: (sp=0x000000002b24f2d0)
0x000000002b24f2d0:   000000002b24f370 00000000281446e8
0x000000002b24f2e0:   00000000281446fc 000000002078e800
0x000000002b24f2f0:   000000002078e800 000000002b24f510
0x000000002b24f300:   0000000027cd1528 0000000028143dd0
0x000000002b24f310:   00000000ffffffff 0000000180024d21
0x000000002b24f320:   0000000063b461de 000000002b24f370
0x000000002b24f330:   0000000063b461de 0000000000000000
0x000000002b24f340:   000000001dc8e3c0 0000000063b423a8
0x000000002b24f350:   0000000027cd1538 000000002b24f3f0
0x000000002b24f360:   0000000010a9b000 000000002b24f510
0x000000002b24f370:   0000000028143dd0 0000000020671e40
0x000000002b24f380:   000000002078e9f8 000000002b24f4f8
0x000000002b24f390:   000000002b24f510 0000000000000000
0x000000002b24f3a0:   000000002b24f4f0 000000002b24f4d8
0x000000002b24f3b0:   000000002b24f4e8 000000002b24f4e0
0x000000002b24f3c0:   0000000000000001 000000002b24f4d0 

Instructions: (pc=0x0000000180023d1d)
0x0000000180023cfd:   89 64 24 68 0f 85 47 01 00 00 8b 15 f7 a3 03 00
0x0000000180023d0d:   44 8b 0d f4 a3 03 00 48 3b de 0f 83 22 01 00 00
0x0000000180023d1d:   8b 8f d4 02 00 00 44 8b 63 08 0f b7 6b 10 83 f9
0x0000000180023d2d:   01 75 2c 8d 42 01 99 f7 bf d8 02 00 00 85 d2 89 


Register to memory mapping:

RAX=0x000000000000009c is an unknown value
RBX=0x0000000028144784 is an unknown value
RCX=0x0000000000000000 is an unknown value
RDX=0x0000000000000000 is an unknown value
RSP=0x000000002b24f2d0 is pointing into the stack for thread: 0x000000002078e800
RBP=0x0000000000000014 is an unknown value
RSI=0x0000000028146ff4 is an unknown value
RDI=0x0000000028143dd0 is an unknown value
R8 =0x000000006a03e100 is an unknown value
R9 =0x0000000000000000 is an unknown value
R10=0x0000000063b461de is an unknown value
R11=0x000000002b24f220 is pointing into the stack for thread: 0x000000002078e800
R12=0x0000000000000087 is an unknown value
R13=0x000000000000000a is an unknown value
R14=0x00000000ffffffff is an unknown value
R15=0x000000002b24f370 is pointing into the stack for thread: 0x000000002078e800


Stack: [0x000000002b150000,0x000000002b250000],  sp=0x000000002b24f2d0,  free space=1020k
Native frames: (J=compiled Java code, j=interpreted, Vv=VM code, C=native code)
C  [USER3u.dll+0x23d1d]
C  [wpcap.dll+0x24d21]
C  [jnetpcap.dll+0x23a8]
C  0x0000000004cf7f74

Java frames: (J=compiled Java code, j=interpreted, Vv=VM code)
j  org.jnetpcap.Pcap.loop(IILorg/jnetpcap/packet/PcapPacketHandler;Ljava/lang/Object;Lorg/jnetpcap/packet/JPacket;Lorg/jnetpcap/packet/JPacket$State;Lorg/jnetpcap/PcapHeader;Lorg/jnetpcap/packet/JScanner;)I+0
j  org.jnetpcap.Pcap.loop(ILorg/jnetpcap/packet/PcapPacketHandler;Ljava/lang/Object;)I+35
j  wirefish.CapturePacketsController$2.run()V+91
v  ~StubRoutines::call_stub

---------------  P R O C E S S  ---------------

Java Threads: ( => current thread )
=>0x000000002078e800 JavaThread "Thread-4" [_thread_in_native, id=5644, stack(0x000000002b150000,0x000000002b250000)]
  0x00000000208e4000 JavaThread "Prism Font Disposer" daemon [_thread_blocked, id=6328, stack(0x000000002a650000,0x000000002a750000)]
  0x0000000020679800 JavaThread "DisposableGC" daemon [_thread_blocked, id=3516, stack(0x0000000027f80000,0x0000000028080000)]
  0x00000000200ae800 JavaThread "Thread-3" daemon [_thread_in_native, id=4700, stack(0x0000000027990000,0x0000000027a90000)]
  0x0000000020552800 JavaThread "JavaFX-Launcher" [_thread_blocked, id=8428, stack(0x0000000027ab0000,0x0000000027bb0000)]
  0x00000000204fd000 JavaThread "JavaFX Application Thread" [_thread_in_native, id=6340, stack(0x0000000021480000,0x0000000021580000)]
  0x0000000020080800 JavaThread "Thread-1" daemon [_thread_blocked, id=11436, stack(0x0000000021380000,0x0000000021480000)]
  0x0000000020071000 JavaThread "QuantumRenderer-0" daemon [_thread_in_Java, id=4908, stack(0x0000000020cf0000,0x0000000020df0000)]
  0x000000001fce8800 JavaThread "Service Thread" daemon [_thread_blocked, id=11268, stack(0x00000000200b0000,0x00000000201b0000)]
  0x000000001e357800 JavaThread "C1 CompilerThread2" daemon [_thread_blocked, id=8316, stack(0x000000001fbb0000,0x000000001fcb0000)]
  0x000000001e350800 JavaThread "C2 CompilerThread1" daemon [_thread_in_native, id=3144, stack(0x000000001fab0000,0x000000001fbb0000)]
  0x000000001e34c800 JavaThread "C2 CompilerThread0" daemon [_thread_in_native, id=11856, stack(0x000000001f9b0000,0x000000001fab0000)]
  0x000000001e34b000 JavaThread "Attach Listener" daemon [_thread_blocked, id=5216, stack(0x000000001f8b0000,0x000000001f9b0000)]
  0x000000001e34a000 JavaThread "Signal Dispatcher" daemon [_thread_blocked, id=7536, stack(0x000000001f7b0000,0x000000001f8b0000)]
  0x000000001e339000 JavaThread "Finalizer" daemon [_thread_blocked, id=8228, stack(0x000000001f5c0000,0x000000001f6c0000)]
  0x0000000004cd1000 JavaThread "Reference Handler" daemon [_thread_blocked, id=9052, stack(0x000000001f4c0000,0x000000001f5c0000)]
  0x0000000004be2800 JavaThread "main" [_thread_blocked, id=11184, stack(0x0000000004ae0000,0x0000000004be0000)]

Other Threads:
  0x000000001e317000 VMThread [stack: 0x000000001f3c0000,0x000000001f4c0000] [id=10172]
  0x000000001fd02000 WatcherThread [stack: 0x00000000201b0000,0x00000000202b0000] [id=5108]

VM state:not at safepoint (normal execution)

VM Mutex/Monitor currently owned by a thread: None

Heap:
 PSYoungGen      total 76288K, used 27236K [0x000000076ae00000, 0x0000000774300000, 0x00000007c0000000)
  eden space 65536K, 41% used [0x000000076ae00000,0x000000076c8991c8,0x000000076ee00000)
  from space 10752K, 0% used [0x000000076f880000,0x000000076f880000,0x0000000770300000)
  to   space 10752K, 0% used [0x000000076ee00000,0x000000076ee00000,0x000000076f880000)
 ParOldGen       total 98304K, used 11719K [0x00000006c0a00000, 0x00000006c6a00000, 0x000000076ae00000)
  object space 98304K, 11% used [0x00000006c0a00000,0x00000006c1571ee8,0x00000006c6a00000)
 Metaspace       used 20180K, capacity 21456K, committed 21760K, reserved 1067008K
  class space    used 2934K, capacity 3207K, committed 3328K, reserved 1048576K

Card table byte_map: [0x00000000140a0000,0x00000000148a0000] byte_map_base: 0x0000000010a9b000

Marking Bits: (ParMarkBitMap*) 0x000000006a71d850
 Begin Bits: [0x0000000015200000, 0x00000000191d8000)
 End Bits:   [0x00000000191d8000, 0x000000001d1b0000)

Polling page: 0x0000000002d40000

CodeCache: size=245760Kb used=10414Kb max_used=10414Kb free=235346Kb
 bounds [0x0000000004ce0000, 0x0000000005720000, 0x0000000013ce0000]
 total_blobs=3929 nmethods=3271 adapters=569
 compilation: enabled

Compilation events (10 events):
Event: 5.292 Thread 0x000000001e357800 3231       3       org.jnetpcap.packet.format.FormatUtils::asString (83 bytes)
Event: 5.292 Thread 0x000000001e34c800 nmethod 3218 0x00000000056e11d0 code [0x00000000056e1340, 0x00000000056e1858]
Event: 5.292 Thread 0x000000001e34c800 3225   !   4       java.util.Formatter::format (271 bytes)
Event: 5.292 Thread 0x000000001e350800 nmethod 3216 0x00000000056d9ed0 code [0x00000000056da040, 0x00000000056da7a8]
Event: 5.292 Thread 0x000000001e350800 3223       4       org.jnetpcap.packet.structure.AnnotatedFieldMethod$IntFunction::intMethod (7 bytes)
Event: 5.292 Thread 0x000000001e357800 nmethod 3231 0x00000000056d8250 code [0x00000000056d84a0, 0x00000000056d94b8]
Event: 5.292 Thread 0x000000001e357800 3230       3       org.jnetpcap.packet.format.FormatUtils::asString (10 bytes)
Event: 5.292 Thread 0x000000001e357800 nmethod 3230 0x00000000056d7e90 code [0x00000000056d8000, 0x00000000056d8168]
Event: 5.295 Thread 0x000000001e350800 nmethod 3223 0x00000000056e1fd0 code [0x00000000056e2160, 0x00000000056e24a8]
Event: 5.295 Thread 0x000000001e350800 3233       4       java.util.Formatter$FormatSpecifier::justify (105 bytes)

GC Heap History (6 events):
Event: 3.743 GC heap before
{Heap before GC invocations=1 (full 0):
 PSYoungGen      total 76288K, used 65536K [0x000000076ae00000, 0x0000000770300000, 0x00000007c0000000)
  eden space 65536K, 100% used [0x000000076ae00000,0x000000076ee00000,0x000000076ee00000)
  from space 10752K, 0% used [0x000000076f880000,0x000000076f880000,0x0000000770300000)
  to   space 10752K, 0% used [0x000000076ee00000,0x000000076ee00000,0x000000076f880000)
 ParOldGen       total 175104K, used 0K [0x00000006c0a00000, 0x00000006cb500000, 0x000000076ae00000)
  object space 175104K, 0% used [0x00000006c0a00000,0x00000006c0a00000,0x00000006cb500000)
 Metaspace       used 18855K, capacity 19962K, committed 20224K, reserved 1067008K
  class space    used 2834K, capacity 3060K, committed 3072K, reserved 1048576K
Event: 3.751 GC heap after
Heap after GC invocations=1 (full 0):
 PSYoungGen      total 76288K, used 10722K [0x000000076ae00000, 0x0000000770300000, 0x00000007c0000000)
  eden space 65536K, 0% used [0x000000076ae00000,0x000000076ae00000,0x000000076ee00000)
  from space 10752K, 99% used [0x000000076ee00000,0x000000076f878ad0,0x000000076f880000)
  to   space 10752K, 0% used [0x000000076f880000,0x000000076f880000,0x0000000770300000)
 ParOldGen       total 175104K, used 2430K [0x00000006c0a00000, 0x00000006cb500000, 0x000000076ae00000)
  object space 175104K, 1% used [0x00000006c0a00000,0x00000006c0c5fad0,0x00000006cb500000)
 Metaspace       used 18855K, capacity 19962K, committed 20224K, reserved 1067008K
  class space    used 2834K, capacity 3060K, committed 3072K, reserved 1048576K
}
Event: 3.894 GC heap before
{Heap before GC invocations=2 (full 0):
 PSYoungGen      total 76288K, used 24504K [0x000000076ae00000, 0x0000000770300000, 0x00000007c0000000)
  eden space 65536K, 21% used [0x000000076ae00000,0x000000076bb756f0,0x000000076ee00000)
  from space 10752K, 99% used [0x000000076ee00000,0x000000076f878ad0,0x000000076f880000)
  to   space 10752K, 0% used [0x000000076f880000,0x000000076f880000,0x0000000770300000)
 ParOldGen       total 175104K, used 2430K [0x00000006c0a00000, 0x00000006cb500000, 0x000000076ae00000)
  object space 175104K, 1% used [0x00000006c0a00000,0x00000006c0c5fad0,0x00000006cb500000)
 Metaspace       used 19792K, capacity 21100K, committed 21248K, reserved 1067008K
  class space    used 2930K, capacity 3201K, committed 3328K, reserved 1048576K
Event: 3.903 GC heap after
Heap after GC invocations=2 (full 0):
 PSYoungGen      total 76288K, used 9680K [0x000000076ae00000, 0x0000000774300000, 0x00000007c0000000)
  eden space 65536K, 0% used [0x000000076ae00000,0x000000076ae00000,0x000000076ee00000)
  from space 10752K, 90% used [0x000000076f880000,0x00000007701f4040,0x0000000770300000)
  to   space 10752K, 0% used [0x000000076ee00000,0x000000076ee00000,0x000000076f880000)
 ParOldGen       total 175104K, used 2438K [0x00000006c0a00000, 0x00000006cb500000, 0x000000076ae00000)
  object space 175104K, 1% used [0x00000006c0a00000,0x00000006c0c61ad0,0x00000006cb500000)
 Metaspace       used 19792K, capacity 21100K, committed 21248K, reserved 1067008K
  class space    used 2930K, capacity 3201K, committed 3328K, reserved 1048576K
}
Event: 3.903 GC heap before
{Heap before GC invocations=3 (full 1):
 PSYoungGen      total 76288K, used 9680K [0x000000076ae00000, 0x0000000774300000, 0x00000007c0000000)
  eden space 65536K, 0% used [0x000000076ae00000,0x000000076ae00000,0x000000076ee00000)
  from space 10752K, 90% used [0x000000076f880000,0x00000007701f4040,0x0000000770300000)
  to   space 10752K, 0% used [0x000000076ee00000,0x000000076ee00000,0x000000076f880000)
 ParOldGen       total 175104K, used 2438K [0x00000006c0a00000, 0x00000006cb500000, 0x000000076ae00000)
  object space 175104K, 1% used [0x00000006c0a00000,0x00000006c0c61ad0,0x00000006cb500000)
 Metaspace       used 19792K, capacity 21100K, committed 21248K, reserved 1067008K
  class space    used 2930K, capacity 3201K, committed 3328K, reserved 1048576K
Event: 3.940 GC heap after
Heap after GC invocations=3 (full 1):
 PSYoungGen      total 76288K, used 0K [0x000000076ae00000, 0x0000000774300000, 0x00000007c0000000)
  eden space 65536K, 0% used [0x000000076ae00000,0x000000076ae00000,0x000000076ee00000)
  from space 10752K, 0% used [0x000000076f880000,0x000000076f880000,0x0000000770300000)
  to   space 10752K, 0% used [0x000000076ee00000,0x000000076ee00000,0x000000076f880000)
 ParOldGen       total 98304K, used 11719K [0x00000006c0a00000, 0x00000006c6a00000, 0x000000076ae00000)
  object space 98304K, 11% used [0x00000006c0a00000,0x00000006c1571ee8,0x00000006c6a00000)
 Metaspace       used 19792K, capacity 21100K, committed 21248K, reserved 1067008K
  class space    used 2930K, capacity 3201K, committed 3328K, reserved 1048576K
}

Deoptimization events (10 events):
Event: 3.834 Thread 0x00000000204fd000 Uncommon trap: reason=null_check action=make_not_entrant pc=0x00000000053ed364 method=javafx.scene.Node$MiscProperties.getClip()Ljavafx/scene/Node; @ 20
Event: 3.834 Thread 0x00000000204fd000 Uncommon trap: reason=null_check action=make_not_entrant pc=0x00000000051b320c method=javafx.scene.Node$MiscProperties.getClip()Ljavafx/scene/Node; @ 20
Event: 3.884 Thread 0x000000002078e800 Uncommon trap: reason=predicate action=maybe_recompile pc=0x000000000556d99c method=java.util.TimSort.reverseRange([Ljava/lang/Object;II)V @ 8
Event: 3.951 Thread 0x000000002078e800 Uncommon trap: reason=array_check action=maybe_recompile pc=0x00000000055a115c method=java.util.TimSort.reverseRange([Ljava/lang/Object;II)V @ 20
Event: 3.952 Thread 0x000000002078e800 Uncommon trap: reason=array_check action=maybe_recompile pc=0x00000000055a115c method=java.util.TimSort.reverseRange([Ljava/lang/Object;II)V @ 20
Event: 3.952 Thread 0x000000002078e800 Uncommon trap: reason=array_check action=maybe_recompile pc=0x00000000055a115c method=java.util.TimSort.reverseRange([Ljava/lang/Object;II)V @ 20
Event: 3.952 Thread 0x000000002078e800 Uncommon trap: reason=array_check action=maybe_recompile pc=0x00000000055a115c method=java.util.TimSort.reverseRange([Ljava/lang/Object;II)V @ 20
Event: 4.007 Thread 0x000000002078e800 Uncommon trap: reason=predicate action=maybe_recompile pc=0x00000000055f5ac0 method=java.util.TimSort.binarySort([Ljava/lang/Object;IIILjava/util/Comparator;)V @ 37
Event: 5.286 Thread 0x000000002078e800 Uncommon trap: reason=array_check action=maybe_recompile pc=0x0000000005659f28 method=java.util.TimSort.reverseRange([Ljava/lang/Object;II)V @ 27
Event: 5.287 Thread 0x000000002078e800 Uncommon trap: reason=array_check action=maybe_recompile pc=0x0000000005659f28 method=java.util.TimSort.reverseRange([Ljava/lang/Object;II)V @ 27

Internal exceptions (10 events):
Event: 2.420 Thread 0x00000000204fd000 Exception <a 'java/lang/ArrayIndexOutOfBoundsException': 72> (0x000000076d8e1800) thrown at [C:\re\workspace\8-2-build-windows-amd64-cygwin\jdk8u151\9699\hotspot\src\share\vm\interpreter\interpreterRuntime.cpp, line 366]
Event: 2.441 Thread 0x00000000204fd000 Exception <a 'java/lang/ArrayIndexOutOfBoundsException': 70> (0x000000076dab9ba0) thrown at [C:\re\workspace\8-2-build-windows-amd64-cygwin\jdk8u151\9699\hotspot\src\share\vm\interpreter\interpreterRuntime.cpp, line 366]
Event: 2.479 Thread 0x00000000204fd000 Implicit null exception at 0x00000000052219b1 to 0x0000000005221f39
Event: 2.480 Thread 0x00000000204fd000 Implicit null exception at 0x000000000519ac3a to 0x000000000519b4fd
Event: 2.497 Thread 0x000000002078e800 Exception <a 'org/jnetpcap/packet/UnregisteredHeaderException': native scanner not registered under ID=15 (WEB_IMAGE)> (0x000000076e0cc700) thrown at [C:\re\workspace\8-2-build-windows-amd64-cygwin\jdk8u151\9699\hotspot\src\share\vm\prims\jni.cpp, line 73
Event: 2.514 Thread 0x000000002078e800 Exception <a 'org/jnetpcap/packet/UnregisteredHeaderException': native scanner not registered under ID=38 (HEARTBEAT_ACK)> (0x000000076e2e6230) thrown at [C:\re\workspace\8-2-build-windows-amd64-cygwin\jdk8u151\9699\hotspot\src\share\vm\prims\jni.cpp, lin
Event: 2.631 Thread 0x000000002078e800 Implicit null exception at 0x0000000005219fb4 to 0x000000000521a029
Event: 3.834 Thread 0x00000000204fd000 Implicit null exception at 0x00000000053ecaf1 to 0x00000000053ed34d
Event: 3.834 Thread 0x00000000204fd000 Implicit null exception at 0x00000000051b31c8 to 0x00000000051b3202
Event: 5.296 Thread 0x00000000204fd000 JVM_StopThread thread JavaThread 0x000000002078e800 as oop 0x00000006c0c62010 [exception 0x000000002157b8d8]

Events (10 events):
Event: 5.286 Thread 0x000000002078e800 Uncommon trap: trap_request=0xffffffd6 fr.pc=0x0000000005659f28
Event: 5.286 Thread 0x000000002078e800 DEOPT PACKING pc=0x0000000005659f28 sp=0x000000002b24e890
Event: 5.286 Thread 0x000000002078e800 DEOPT UNPACKING pc=0x0000000004d2582a sp=0x000000002b24e760 mode 2
Event: 5.287 Thread 0x000000002078e800 Uncommon trap: trap_request=0xffffffd6 fr.pc=0x0000000005659f28
Event: 5.287 Thread 0x000000002078e800 DEOPT PACKING pc=0x0000000005659f28 sp=0x000000002b24e890
Event: 5.287 Thread 0x000000002078e800 DEOPT UNPACKING pc=0x0000000004d2582a sp=0x000000002b24e760 mode 2
Event: 5.296 Executing VM operation: ThreadStop
Event: 5.296 Executing VM operation: ThreadStop done
Event: 5.297 loading class com/sun/javafx/geometry/BoundsUtils
Event: 5.297 loading class com/sun/javafx/geometry/BoundsUtils done


Dynamic libraries:
0x00007ff6647d0000 - 0x00007ff664807000 	C:\Program Files\Java\jdk1.8.0_151\jre\bin\java.exe
0x00007ffaaf0a0000 - 0x00007ffaaf280000 	C:\WINDOWS\SYSTEM32\ntdll.dll
0x00007ffaacd30000 - 0x00007ffaacdde000 	C:\WINDOWS\System32\KERNEL32.DLL
0x00007ffaac030000 - 0x00007ffaac296000 	C:\WINDOWS\System32\KERNELBASE.dll
0x00007ffaae940000 - 0x00007ffaae9e1000 	C:\WINDOWS\System32\ADVAPI32.dll
0x00007ffaac620000 - 0x00007ffaac6bd000 	C:\WINDOWS\System32\msvcrt.dll
0x00007ffaac850000 - 0x00007ffaac8ab000 	C:\WINDOWS\System32\sechost.dll
0x00007ffaacde0000 - 0x00007ffaaceff000 	C:\WINDOWS\System32\RPCRT4.dll
0x00007ffaac6c0000 - 0x00007ffaac84f000 	C:\WINDOWS\System32\USER32.dll
0x00007ffaab640000 - 0x00007ffaab660000 	C:\WINDOWS\System32\win32u.dll
0x00007ffaaecb0000 - 0x00007ffaaecd8000 	C:\WINDOWS\System32\GDI32.dll
0x00007ffaab4a0000 - 0x00007ffaab633000 	C:\WINDOWS\System32\gdi32full.dll
0x00007ffaac480000 - 0x00007ffaac51b000 	C:\WINDOWS\System32\msvcp_win.dll
0x00007ffaac380000 - 0x00007ffaac476000 	C:\WINDOWS\System32\ucrtbase.dll
0x00007ffaa1230000 - 0x00007ffaa1499000 	C:\WINDOWS\WinSxS\amd64_microsoft.windows.common-controls_6595b64144ccf1df_6.0.16299.125_none_15cbcf8893620c09\COMCTL32.dll
0x00007ffaaca20000 - 0x00007ffaacd28000 	C:\WINDOWS\System32\combase.dll
0x00007ffaac300000 - 0x00007ffaac372000 	C:\WINDOWS\System32\bcryptPrimitives.dll
0x00007ffaaee20000 - 0x00007ffaaee4d000 	C:\WINDOWS\System32\IMM32.DLL
0x0000000069e20000 - 0x0000000069ef2000 	C:\Program Files\Java\jdk1.8.0_151\jre\bin\msvcr100.dll
0x0000000069f00000 - 0x000000006a79d000 	C:\Program Files\Java\jdk1.8.0_151\jre\bin\server\jvm.dll
0x00007ffaaee00000 - 0x00007ffaaee08000 	C:\WINDOWS\System32\PSAPI.DLL
0x00007ffaa84d0000 - 0x00007ffaa84f3000 	C:\WINDOWS\SYSTEM32\WINMM.dll
0x00007ffaa68a0000 - 0x00007ffaa68aa000 	C:\WINDOWS\SYSTEM32\VERSION.dll
0x00007ffa9a680000 - 0x00007ffa9a689000 	C:\WINDOWS\SYSTEM32\WSOCK32.dll
0x00007ffaac910000 - 0x00007ffaac97c000 	C:\WINDOWS\System32\WS2_32.dll
0x00007ffaa8470000 - 0x00007ffaa849a000 	C:\WINDOWS\SYSTEM32\WINMMBASE.dll
0x00007ffaac520000 - 0x00007ffaac56a000 	C:\WINDOWS\System32\cfgmgr32.dll
0x0000000069dd0000 - 0x0000000069ddf000 	C:\Program Files\Java\jdk1.8.0_151\jre\bin\verify.dll
0x0000000069da0000 - 0x0000000069dc9000 	C:\Program Files\Java\jdk1.8.0_151\jre\bin\java.dll
0x0000000069d80000 - 0x0000000069d96000 	C:\Program Files\Java\jdk1.8.0_151\jre\bin\zip.dll
0x00007ffaacf00000 - 0x00007ffaae336000 	C:\WINDOWS\System32\SHELL32.dll
0x00007ffaac570000 - 0x00007ffaac616000 	C:\WINDOWS\System32\shcore.dll
0x00007ffaab710000 - 0x00007ffaabe57000 	C:\WINDOWS\System32\windows.storage.dll
0x00007ffaaeff0000 - 0x00007ffaaf041000 	C:\WINDOWS\System32\shlwapi.dll
0x00007ffaab410000 - 0x00007ffaab421000 	C:\WINDOWS\System32\kernel.appcore.dll
0x00007ffaab450000 - 0x00007ffaab49c000 	C:\WINDOWS\System32\powrprof.dll
0x00007ffaab3f0000 - 0x00007ffaab40b000 	C:\WINDOWS\System32\profapi.dll
0x0000000002d90000 - 0x0000000002d93000 	C:\Program Files\Java\jdk1.8.0_151\jre\bin\api-ms-win-core-console-l1-1-0.dll
0x0000000002da0000 - 0x0000000002da3000 	C:\Program Files\Java\jdk1.8.0_151\jre\bin\api-ms-win-core-datetime-l1-1-0.dll
0x00000000032b0000 - 0x00000000032b3000 	C:\Program Files\Java\jdk1.8.0_151\jre\bin\api-ms-win-core-debug-l1-1-0.dll
0x0000000003320000 - 0x0000000003323000 	C:\Program Files\Java\jdk1.8.0_151\jre\bin\api-ms-win-core-errorhandling-l1-1-0.dll
0x00000000202b0000 - 0x00000000202b4000 	C:\Program Files\Java\jdk1.8.0_151\jre\bin\api-ms-win-core-file-l1-1-0.dll
0x00000000202c0000 - 0x00000000202c3000 	C:\Program Files\Java\jdk1.8.0_151\jre\bin\api-ms-win-core-file-l1-2-0.dll
0x00000000202d0000 - 0x00000000202d3000 	C:\Program Files\Java\jdk1.8.0_151\jre\bin\api-ms-win-core-file-l2-1-0.dll
0x00000000202e0000 - 0x00000000202e3000 	C:\Program Files\Java\jdk1.8.0_151\jre\bin\api-ms-win-core-handle-l1-1-0.dll
0x00000000202f0000 - 0x00000000202f3000 	C:\Program Files\Java\jdk1.8.0_151\jre\bin\api-ms-win-core-heap-l1-1-0.dll
0x0000000020300000 - 0x0000000020303000 	C:\Program Files\Java\jdk1.8.0_151\jre\bin\api-ms-win-core-interlocked-l1-1-0.dll
0x0000000020310000 - 0x0000000020313000 	C:\Program Files\Java\jdk1.8.0_151\jre\bin\api-ms-win-core-libraryloader-l1-1-0.dll
0x0000000020320000 - 0x0000000020323000 	C:\Program Files\Java\jdk1.8.0_151\jre\bin\api-ms-win-core-localization-l1-2-0.dll
0x0000000020330000 - 0x0000000020333000 	C:\Program Files\Java\jdk1.8.0_151\jre\bin\api-ms-win-core-memory-l1-1-0.dll
0x0000000020340000 - 0x0000000020343000 	C:\Program Files\Java\jdk1.8.0_151\jre\bin\api-ms-win-core-namedpipe-l1-1-0.dll
0x0000000020350000 - 0x0000000020353000 	C:\Program Files\Java\jdk1.8.0_151\jre\bin\api-ms-win-core-processenvironment-l1-1-0.dll
0x0000000020360000 - 0x0000000020363000 	C:\Program Files\Java\jdk1.8.0_151\jre\bin\api-ms-win-core-processthreads-l1-1-0.dll
0x0000000020370000 - 0x0000000020373000 	C:\Program Files\Java\jdk1.8.0_151\jre\bin\api-ms-win-core-processthreads-l1-1-1.dll
0x0000000020380000 - 0x0000000020383000 	C:\Program Files\Java\jdk1.8.0_151\jre\bin\api-ms-win-core-profile-l1-1-0.dll
0x0000000020390000 - 0x0000000020393000 	C:\Program Files\Java\jdk1.8.0_151\jre\bin\api-ms-win-core-rtlsupport-l1-1-0.dll
0x00000000203a0000 - 0x00000000203a3000 	C:\Program Files\Java\jdk1.8.0_151\jre\bin\api-ms-win-core-string-l1-1-0.dll
0x00000000203b0000 - 0x00000000203b3000 	C:\Program Files\Java\jdk1.8.0_151\jre\bin\api-ms-win-core-synch-l1-1-0.dll
0x00000000203c0000 - 0x00000000203c3000 	C:\Program Files\Java\jdk1.8.0_151\jre\bin\api-ms-win-core-synch-l1-2-0.dll
0x00000000203d0000 - 0x00000000203d3000 	C:\Program Files\Java\jdk1.8.0_151\jre\bin\api-ms-win-core-sysinfo-l1-1-0.dll
0x00000000203e0000 - 0x00000000203e3000 	C:\Program Files\Java\jdk1.8.0_151\jre\bin\api-ms-win-core-timezone-l1-1-0.dll
0x00000000203f0000 - 0x00000000203f3000 	C:\Program Files\Java\jdk1.8.0_151\jre\bin\api-ms-win-core-util-l1-1-0.dll
0x0000000020400000 - 0x0000000020403000 	C:\Program Files\Java\jdk1.8.0_151\jre\bin\api-ms-win-crt-conio-l1-1-0.dll
0x0000000020410000 - 0x0000000020414000 	C:\Program Files\Java\jdk1.8.0_151\jre\bin\api-ms-win-crt-convert-l1-1-0.dll
0x0000000020420000 - 0x0000000020423000 	C:\Program Files\Java\jdk1.8.0_151\jre\bin\api-ms-win-crt-environment-l1-1-0.dll
0x0000000020430000 - 0x0000000020433000 	C:\Program Files\Java\jdk1.8.0_151\jre\bin\api-ms-win-crt-filesystem-l1-1-0.dll
0x0000000020440000 - 0x0000000020443000 	C:\Program Files\Java\jdk1.8.0_151\jre\bin\api-ms-win-crt-heap-l1-1-0.dll
0x0000000020450000 - 0x0000000020453000 	C:\Program Files\Java\jdk1.8.0_151\jre\bin\api-ms-win-crt-locale-l1-1-0.dll
0x0000000020460000 - 0x0000000020465000 	C:\Program Files\Java\jdk1.8.0_151\jre\bin\api-ms-win-crt-math-l1-1-0.dll
0x0000000020470000 - 0x0000000020475000 	C:\Program Files\Java\jdk1.8.0_151\jre\bin\api-ms-win-crt-multibyte-l1-1-0.dll
0x0000000020480000 - 0x0000000020490000 	C:\Program Files\Java\jdk1.8.0_151\jre\bin\api-ms-win-crt-private-l1-1-0.dll
0x0000000020490000 - 0x0000000020493000 	C:\Program Files\Java\jdk1.8.0_151\jre\bin\api-ms-win-crt-process-l1-1-0.dll
0x00000000204a0000 - 0x00000000204a4000 	C:\Program Files\Java\jdk1.8.0_151\jre\bin\api-ms-win-crt-runtime-l1-1-0.dll
0x00000000204b0000 - 0x00000000204b4000 	C:\Program Files\Java\jdk1.8.0_151\jre\bin\api-ms-win-crt-stdio-l1-1-0.dll
0x00000000204c0000 - 0x00000000204c4000 	C:\Program Files\Java\jdk1.8.0_151\jre\bin\api-ms-win-crt-string-l1-1-0.dll
0x00000000204d0000 - 0x00000000204d3000 	C:\Program Files\Java\jdk1.8.0_151\jre\bin\api-ms-win-crt-time-l1-1-0.dll
0x00000000204e0000 - 0x00000000204e3000 	C:\Program Files\Java\jdk1.8.0_151\jre\bin\api-ms-win-crt-utility-l1-1-0.dll
0x00007ffaa0cf0000 - 0x00007ffaa0de6000 	C:\Program Files\Java\jdk1.8.0_151\jre\bin\ucrtbase.dll
0x00007ffaa0c90000 - 0x00007ffaa0ce1000 	C:\Program Files\Java\jdk1.8.0_151\jre\bin\concrt140.dll
0x00007ffaa0c70000 - 0x00007ffaa0c86000 	C:\Program Files\Java\jdk1.8.0_151\jre\bin\VCRUNTIME140.dll
0x00007ffaa0340000 - 0x00007ffaa03dc000 	C:\Program Files\Java\jdk1.8.0_151\jre\bin\MSVCP140.dll
0x0000000067760000 - 0x0000000067783000 	C:\Program Files\Java\jdk1.8.0_151\jre\bin\prism_d3d.dll
0x00007ffa882c0000 - 0x00007ffa88455000 	C:\WINDOWS\system32\d3d9.dll
0x00007ffaa9ca0000 - 0x00007ffaa9cca000 	C:\WINDOWS\SYSTEM32\dwmapi.dll
0x00007ffaa9bd0000 - 0x00007ffaa9c65000 	C:\WINDOWS\system32\uxtheme.dll
0x00007ffaa3300000 - 0x00007ffaa33ea000 	C:\WINDOWS\System32\DriverStore\FileRepository\nv_dispi.inf_amd64_c68c1eb90f6d242e\nvldumdx.dll
0x00007ffaabe60000 - 0x00007ffaac02e000 	C:\WINDOWS\System32\crypt32.dll
0x00007ffaab430000 - 0x00007ffaab442000 	C:\WINDOWS\System32\MSASN1.dll
0x00007ffaac2a0000 - 0x00007ffaac2f8000 	C:\WINDOWS\System32\WINTRUST.DLL
0x00007ffaaf050000 - 0x00007ffaaf06d000 	C:\WINDOWS\System32\imagehlp.dll
0x00007ffaaae40000 - 0x00007ffaaae57000 	C:\WINDOWS\SYSTEM32\CRYPTSP.dll
0x00007ffaaa890000 - 0x00007ffaaa8c3000 	C:\WINDOWS\system32\rsaenh.dll
0x00007ffaaaf50000 - 0x00007ffaaaf75000 	C:\WINDOWS\SYSTEM32\bcrypt.dll
0x00007ffaaae60000 - 0x00007ffaaae6b000 	C:\WINDOWS\SYSTEM32\CRYPTBASE.dll
0x00007ffa6bf40000 - 0x00007ffa6d117000 	C:\WINDOWS\System32\DriverStore\FileRepository\nv_dispi.inf_amd64_c68c1eb90f6d242e\nvd3dumx.dll
0x00007ffa95360000 - 0x00007ffa955b4000 	C:\WINDOWS\system32\nvspcap64.dll
0x00007ffaae9f0000 - 0x00007ffaaeb39000 	C:\WINDOWS\System32\ole32.dll
0x00007ffaaa530000 - 0x00007ffaaa561000 	C:\WINDOWS\SYSTEM32\ntmarta.dll
0x0000000067710000 - 0x0000000067759000 	C:\Program Files\Java\jdk1.8.0_151\jre\bin\glass.dll
0x00007ffaaecf0000 - 0x00007ffaaedfa000 	C:\WINDOWS\System32\COMDLG32.dll
0x00007ffaae3c0000 - 0x00007ffaae485000 	C:\WINDOWS\System32\OLEAUT32.dll
0x00007ffaaeb40000 - 0x00007ffaaeca7000 	C:\WINDOWS\System32\MSCTF.dll
0x00007ffa8b4d0000 - 0x00007ffa8b4e7000 	C:\Program Files (x86)\LG Electronics\OnScreen Control\bin\ScreenSplitterHook641.dll
0x00007ffa95680000 - 0x00007ffa956fc000 	C:\Program Files (x86)\TeamViewer\tv_x64.dll
0x00007ffaa1100000 - 0x00007ffaa11eb000 	C:\Program Files (x86)\NVIDIA Corporation\3D Vision\nvSCPAPI64.dll
0x00007ffaae4f0000 - 0x00007ffaae93e000 	C:\WINDOWS\System32\SETUPAPI.dll
0x00000000676f0000 - 0x0000000067704000 	C:\Program Files\Java\jdk1.8.0_151\jre\bin\javafx_font.dll
0x0000000063b40000 - 0x0000000063c0b000 	E:\Google Drive\My Projects\Wirefish\Wirefish\Jnetpcap\jnetpcap-1.4.r1425\jnetpcap.dll
0x0000000180000000 - 0x0000000180065000 	C:\WINDOWS\SYSTEM32\wpcap.dll
0x00007ffaaaa10000 - 0x00007ffaaaa49000 	C:\WINDOWS\SYSTEM32\IPHLPAPI.DLL
0x0000000027db0000 - 0x0000000027dcf000 	C:\WINDOWS\SYSTEM32\packet.dll
0x0000000062a80000 - 0x0000000062a95000 	E:\Google Drive\My Projects\Wirefish\Wirefish\Jnetpcap\jnetpcap-1.4.r1425\jnetpcap-pcap100.dll
0x00007ffaaece0000 - 0x00007ffaaece8000 	C:\WINDOWS\System32\NSI.dll
0x00007ffaa6a60000 - 0x00007ffaa6a76000 	C:\WINDOWS\SYSTEM32\dhcpcsvc6.DLL
0x00007ffaa68b0000 - 0x00007ffaa68ca000 	C:\WINDOWS\SYSTEM32\dhcpcsvc.DLL
0x00007ffa992e0000 - 0x00007ffa995ef000 	C:\WINDOWS\SYSTEM32\dwrite.dll
0x00007ffaac980000 - 0x00007ffaaca1e000 	C:\WINDOWS\System32\clbcatq.dll
0x00007ffaa6b20000 - 0x00007ffaa6ccb000 	C:\WINDOWS\SYSTEM32\WindowsCodecs.dll
0x00007ffaa0e90000 - 0x00007ffaa0edf000 	C:\WINDOWS\system32\dataexchange.dll
0x00007ffaa89f0000 - 0x00007ffaa8cd1000 	C:\WINDOWS\system32\d3d11.dll
0x00007ffaa9380000 - 0x00007ffaa94c2000 	C:\WINDOWS\system32\dcomp.dll
0x00007ffaaa260000 - 0x00007ffaaa30f000 	C:\WINDOWS\system32\dxgi.dll
0x00007ffaa9d90000 - 0x00007ffaa9f0b000 	C:\WINDOWS\system32\twinapi.appcore.dll
0x00007ffaa9f10000 - 0x00007ffaa9f30000 	C:\WINDOWS\system32\RMCLIENT.dll
0x00007ffaa0c30000 - 0x00007ffaa0c64000 	C:\Program Files\Common Files\Microsoft Shared\Ink\rtscom.dll
0x00007ffa9fe30000 - 0x00007ffa9fec8000 	C:\WINDOWS\System32\TextInputFramework.dll
0x00007ffaa65b0000 - 0x00007ffaa689e000 	C:\WINDOWS\System32\CoreUIComponents.dll
0x00007ffaa92a0000 - 0x00007ffaa937d000 	C:\WINDOWS\System32\CoreMessaging.dll

VM Arguments:
jvm_args: -Dfile.encoding=UTF-8 -Djava.library.path=Jnetpcap\jnetpcap-1.4.r1425 
java_command: E:\Google Drive\My Projects\Wirefish\Wirefish\dist\run186525915\Wirefish.jar
java_class_path (initial): E:\Google Drive\My Projects\Wirefish\Wirefish\dist\run186525915\Wirefish.jar
Launcher Type: SUN_STANDARD

Environment Variables:
PATH=C:\ProgramData\Oracle\Java\javapath;C:\WINDOWS\system32;C:\WINDOWS;C:\WINDOWS\System32\Wbem;C:\WINDOWS\System32\WindowsPowerShell\v1.0\;C:\Program Files (x86)\NVIDIA Corporation\PhysX\Common;C:\Users\Hesham-Desktop\AppData\Local\Microsoft\WindowsApps;
USERNAME=Hesham-Desktop
OS=Windows_NT
PROCESSOR_IDENTIFIER=Intel64 Family 6 Model 94 Stepping 3, GenuineIntel



---------------  S Y S T E M  ---------------

OS: Windows 10.0 , 64 bit Build 16299 (10.0.16299.15)

CPU:total 4 (initial active 4) (4 cores per cpu, 1 threads per core) family 6 model 94 stepping 3, cmov, cx8, fxsr, mmx, sse, sse2, sse3, ssse3, sse4.1, sse4.2, popcnt, avx, avx2, aes, clmul, erms, rtm, 3dnowpref, lzcnt, tsc, tscinvbit, bmi1, bmi2, adx

Memory: 4k page, physical 16728116k(10884756k free), swap 19218484k(11726512k free)

vm_info: Java HotSpot(TM) 64-Bit Server VM (25.151-b12) for windows-amd64 JRE (1.8.0_151-b12), built on Sep  5 2017 19:33:46 by "java_re" with MS VC++ 10.0 (VS2010)

time: Tue Dec 19 14:59:06 2017
elapsed time: 5 seconds (0d 0h 0m 5s)

