#
# A fatal error has been detected by the Java Runtime Environment:
#
#  EXCEPTION_ACCESS_VIOLATION (0xc0000005) at pc=0x0000000180023d23, pid=7468, tid=0x0000000000000378
#
# JRE version: Java(TM) SE Runtime Environment (8.0_151-b12) (build 1.8.0_151-b12)
# Java VM: Java HotSpot(TM) 64-Bit Server VM (25.151-b12 mixed mode windows-amd64 compressed oops)
# Problematic frame:
# C  [wpcap.dll+0x23d23]
#
# Failed to write core dump. Minidumps are not enabled by default on client versions of Windows
#
# If you would like to submit a bug report, please visit:
#   http://bugreport.java.com/bugreport/crash.jsp
# The crash happened outside the Java Virtual Machine in native code.
# See problematic frame for where to report the bug.
#

---------------  T H R E A D  ---------------

Current thread (0x000000002038b000):  JavaThread "Thread-4" [_thread_in_native, id=888, stack(0x000000002aad0000,0x000000002abd0000)]

siginfo: ExceptionCode=0xc0000005, reading address 0x0000000027966870

Registers:
RAX=0x000000000000009c, RBX=0x0000000027966868, RCX=0x0000000000000000, RDX=0x0000000000000000
RSP=0x000000002abcf0d0, RBP=0x0000000000000014, RSI=0x00000000279675d4, RDI=0x0000000027964950
R8 =0x000000006a03e100, R9 =0x0000000000000000, R10=0x0000000063b461de, R11=0x000000002abcf020
R12=0x0000000000000085, R13=0x0000000000000023, R14=0x00000000ffffffff, R15=0x000000002abcf170
RIP=0x0000000180023d23, EFLAGS=0x0000000000010283

Top of Stack: (sp=0x000000002abcf0d0)
0x000000002abcf0d0:   000000002abcf170 00000000279667cc
0x000000002abcf0e0:   00000000279667e0 000000002038b000
0x000000002abcf0f0:   000000002038b000 000000002abcf310
0x000000002abcf100:   0000000027551528 0000000027964950
0x000000002abcf110:   00000000ffffffff 0000000180024d21
0x000000002abcf120:   0000000063b461de 000000002abcf170
0x000000002abcf130:   0000000063b461de 0000000000000000
0x000000002abcf140:   000000001d4fe420 0000000063b423a8
0x000000002abcf150:   0000000027551538 000000002abcf1f0
0x000000002abcf160:   000000001030b000 000000002abcf310
0x000000002abcf170:   0000000027964950 000000001fef0890
0x000000002abcf180:   000000002038b1f8 000000002abcf2f8
0x000000002abcf190:   000000002abcf310 0000000000000000
0x000000002abcf1a0:   000000002abcf2f0 000000002abcf2d8
0x000000002abcf1b0:   000000002abcf2e8 000000002abcf2e0
0x000000002abcf1c0:   0000000000000001 000000002abcf2d0 

Instructions: (pc=0x0000000180023d23)
0x0000000180023d03:   47 01 00 00 8b 15 f7 a3 03 00 44 8b 0d f4 a3 03
0x0000000180023d13:   00 48 3b de 0f 83 22 01 00 00 8b 8f d4 02 00 00
0x0000000180023d23:   44 8b 63 08 0f b7 6b 10 83 f9 01 75 2c 8d 42 01
0x0000000180023d33:   99 f7 bf d8 02 00 00 85 d2 89 15 c2 a3 03 00 74 


Register to memory mapping:

RAX=0x000000000000009c is an unknown value
RBX=0x0000000027966868 is an unknown value
RCX=0x0000000000000000 is an unknown value
RDX=0x0000000000000000 is an unknown value
RSP=0x000000002abcf0d0 is pointing into the stack for thread: 0x000000002038b000
RBP=0x0000000000000014 is an unknown value
RSI=0x00000000279675d4 is an unknown value
RDI=0x0000000027964950 is an unknown value
R8 =0x000000006a03e100 is an unknown value
R9 =0x0000000000000000 is an unknown value
R10=0x0000000063b461de is an unknown value
R11=0x000000002abcf020 is pointing into the stack for thread: 0x000000002038b000
R12=0x0000000000000085 is an unknown value
R13=0x0000000000000023 is an unknown value
R14=0x00000000ffffffff is an unknown value
R15=0x000000002abcf170 is pointing into the stack for thread: 0x000000002038b000


Stack: [0x000000002aad0000,0x000000002abd0000],  sp=0x000000002abcf0d0,  free space=1020k
Native frames: (J=compiled Java code, j=interpreted, Vv=VM code, C=native code)
C  [wpcap.dll+0x23d23]
C  [wpcap.dll+0x24d21]
C  [jnetpcap.dll+0x23a8]
C  0x0000000004567f74

Java frames: (J=compiled Java code, j=interpreted, Vv=VM code)
j  org.jnetpcap.Pcap.loop(IILorg/jnetpcap/packet/PcapPacketHandler;Ljava/lang/Object;Lorg/jnetpcap/packet/JPacket;Lorg/jnetpcap/packet/JPacket$State;Lorg/jnetpcap/PcapHeader;Lorg/jnetpcap/packet/JScanner;)I+0
j  org.jnetpcap.Pcap.loop(ILorg/jnetpcap/packet/PcapPacketHandler;Ljava/lang/Object;)I+35
j  wirefish.CapturePacketsController$2.run()V+91
v  ~StubRoutines::call_stub

---------------  P R O C E S S  ---------------

Java Threads: ( => current thread )
=>0x000000002038b000 JavaThread "Thread-4" [_thread_in_native, id=888, stack(0x000000002aad0000,0x000000002abd0000)]
  0x000000001ff4e000 JavaThread "Prism Font Disposer" daemon [_thread_blocked, id=5684, stack(0x0000000029ea0000,0x0000000029fa0000)]
  0x000000001ff10000 JavaThread "DisposableGC" daemon [_thread_blocked, id=11248, stack(0x0000000027790000,0x0000000027890000)]
  0x000000001fdd4800 JavaThread "Thread-3" daemon [_thread_in_native, id=5828, stack(0x0000000027230000,0x0000000027330000)]
  0x000000001fde0800 JavaThread "JavaFX-Launcher" [_thread_blocked, id=11412, stack(0x0000000027330000,0x0000000027430000)]
  0x000000001fd4c000 JavaThread "JavaFX Application Thread" [_thread_blocked, id=11204, stack(0x0000000020d00000,0x0000000020e00000)]
  0x000000001fd42000 JavaThread "Thread-1" daemon [_thread_blocked, id=196, stack(0x0000000020c00000,0x0000000020d00000)]
  0x000000001f8f4800 JavaThread "QuantumRenderer-0" daemon [_thread_in_native, id=10088, stack(0x0000000020530000,0x0000000020630000)]
  0x000000001f552800 JavaThread "Service Thread" daemon [_thread_blocked, id=2700, stack(0x000000001f910000,0x000000001fa10000)]
  0x000000001dbc5800 JavaThread "C1 CompilerThread2" daemon [_thread_blocked, id=1204, stack(0x000000001f410000,0x000000001f510000)]
  0x000000001dbc0800 JavaThread "C2 CompilerThread1" daemon [_thread_in_vm, id=2096, stack(0x000000001f310000,0x000000001f410000)]
  0x000000001dbbd000 JavaThread "C2 CompilerThread0" daemon [_thread_in_native, id=7936, stack(0x000000001f210000,0x000000001f310000)]
  0x000000001dbbb000 JavaThread "Attach Listener" daemon [_thread_blocked, id=2848, stack(0x000000001f110000,0x000000001f210000)]
  0x000000001dbba000 JavaThread "Signal Dispatcher" daemon [_thread_blocked, id=12156, stack(0x000000001f010000,0x000000001f110000)]
  0x000000001dba9000 JavaThread "Finalizer" daemon [_thread_blocked, id=1108, stack(0x000000001ee20000,0x000000001ef20000)]
  0x0000000004541000 JavaThread "Reference Handler" daemon [_thread_blocked, id=3936, stack(0x000000001ed20000,0x000000001ee20000)]
  0x0000000004452800 JavaThread "main" [_thread_blocked, id=7744, stack(0x0000000004350000,0x0000000004450000)]

Other Threads:
  0x000000001db87000 VMThread [stack: 0x000000001ec20000,0x000000001ed20000] [id=11388]
  0x000000001f57e000 WatcherThread [stack: 0x000000001fa10000,0x000000001fb10000] [id=9872]

VM state:not at safepoint (normal execution)

VM Mutex/Monitor currently owned by a thread: None

Heap:
 PSYoungGen      total 109056K, used 17650K [0x000000076ae00000, 0x0000000774000000, 0x00000007c0000000)
  eden space 101376K, 9% used [0x000000076ae00000,0x000000076b7c4a90,0x0000000771100000)
  from space 7680K, 99% used [0x0000000773880000,0x0000000773ff8000,0x0000000774000000)
  to   space 10752K, 0% used [0x0000000772b00000,0x0000000772b00000,0x0000000773580000)
 ParOldGen       total 113152K, used 16957K [0x00000006c0a00000, 0x00000006c7880000, 0x000000076ae00000)
  object space 113152K, 14% used [0x00000006c0a00000,0x00000006c1a8f410,0x00000006c7880000)
 Metaspace       used 20646K, capacity 21994K, committed 22140K, reserved 1069056K
  class space    used 2946K, capacity 3194K, committed 3200K, reserved 1048576K

Card table byte_map: [0x0000000013910000,0x0000000014110000] byte_map_base: 0x000000001030b000

Marking Bits: (ParMarkBitMap*) 0x000000006a71d850
 Begin Bits: [0x0000000014a70000, 0x0000000018a48000)
 End Bits:   [0x0000000018a48000, 0x000000001ca20000)

Polling page: 0x0000000004250000

CodeCache: size=245760Kb used=11914Kb max_used=11914Kb free=233845Kb
 bounds [0x0000000004550000, 0x0000000005100000, 0x0000000013550000]
 total_blobs=4560 nmethods=3900 adapters=569
 compilation: enabled

Compilation events (10 events):
Event: 4.335 Thread 0x000000001dbc0800 3858       4       java.lang.Character::codePointAt (51 bytes)
Event: 4.335 Thread 0x000000001dbc5800 nmethod 3920 0x00000000050e1fd0 code [0x00000000050e2140, 0x00000000050e2328]
Event: 4.335 Thread 0x000000001dbc5800 3921       2       javafx.scene.control.Labeled$StyleableProperties$4::isSettable (23 bytes)
Event: 4.335 Thread 0x000000001dbc5800 nmethod 3921 0x00000000050e1bd0 code [0x00000000050e1d40, 0x00000000050e1ee8]
Event: 4.335 Thread 0x000000001dbc5800 3922       2       javafx.scene.control.Labeled$StyleableProperties$2::isSettable (9 bytes)
Event: 4.335 Thread 0x000000001dbc5800 nmethod 3922 0x00000000050e1750 code [0x00000000050e18c0, 0x00000000050e1aa8]
Event: 4.335 Thread 0x000000001dbc5800 3923       2       com.sun.javafx.sg.prism.NGRegion::computeOpaqueRegion (36 bytes)
Event: 4.335 Thread 0x000000001dbc5800 nmethod 3923 0x00000000050e1310 code [0x00000000050e1480, 0x00000000050e1668]
Event: 4.336 Thread 0x000000001dbc0800 nmethod 3858 0x00000000050e2c10 code [0x00000000050e2d60, 0x00000000050e2e78]
Event: 4.336 Thread 0x000000001dbc0800 3860       4       org.jnetpcap.packet.structure.JField$JFieldComp::compare (43 bytes)

GC Heap History (10 events):
Event: 3.012 GC heap before
{Heap before GC invocations=1 (full 0):
 PSYoungGen      total 76288K, used 65536K [0x000000076ae00000, 0x0000000770300000, 0x00000007c0000000)
  eden space 65536K, 100% used [0x000000076ae00000,0x000000076ee00000,0x000000076ee00000)
  from space 10752K, 0% used [0x000000076f880000,0x000000076f880000,0x0000000770300000)
  to   space 10752K, 0% used [0x000000076ee00000,0x000000076ee00000,0x000000076f880000)
 ParOldGen       total 175104K, used 0K [0x00000006c0a00000, 0x00000006cb500000, 0x000000076ae00000)
  object space 175104K, 0% used [0x00000006c0a00000,0x00000006c0a00000,0x00000006cb500000)
 Metaspace       used 18994K, capacity 20104K, committed 20224K, reserved 1067008K
  class space    used 2845K, capacity 3063K, committed 3072K, reserved 1048576K
Event: 3.021 GC heap after
Heap after GC invocations=1 (full 0):
 PSYoungGen      total 76288K, used 10738K [0x000000076ae00000, 0x0000000770300000, 0x00000007c0000000)
  eden space 65536K, 0% used [0x000000076ae00000,0x000000076ae00000,0x000000076ee00000)
  from space 10752K, 99% used [0x000000076ee00000,0x000000076f87cae0,0x000000076f880000)
  to   space 10752K, 0% used [0x000000076f880000,0x000000076f880000,0x0000000770300000)
 ParOldGen       total 175104K, used 2423K [0x00000006c0a00000, 0x00000006cb500000, 0x000000076ae00000)
  object space 175104K, 1% used [0x00000006c0a00000,0x00000006c0c5deb8,0x00000006cb500000)
 Metaspace       used 18994K, capacity 20104K, committed 20224K, reserved 1067008K
  class space    used 2845K, capacity 3063K, committed 3072K, reserved 1048576K
}
Event: 3.204 GC heap before
{Heap before GC invocations=2 (full 0):
 PSYoungGen      total 76288K, used 32403K [0x000000076ae00000, 0x0000000770300000, 0x00000007c0000000)
  eden space 65536K, 33% used [0x000000076ae00000,0x000000076c328440,0x000000076ee00000)
  from space 10752K, 99% used [0x000000076ee00000,0x000000076f87cae0,0x000000076f880000)
  to   space 10752K, 0% used [0x000000076f880000,0x000000076f880000,0x0000000770300000)
 ParOldGen       total 175104K, used 2423K [0x00000006c0a00000, 0x00000006cb500000, 0x000000076ae00000)
  object space 175104K, 1% used [0x00000006c0a00000,0x00000006c0c5deb8,0x00000006cb500000)
 Metaspace       used 19970K, capacity 21314K, committed 21552K, reserved 1067008K
  class space    used 2938K, capacity 3188K, committed 3200K, reserved 1048576K
Event: 3.214 GC heap after
Heap after GC invocations=2 (full 0):
 PSYoungGen      total 76288K, used 10722K [0x000000076ae00000, 0x0000000774300000, 0x00000007c0000000)
  eden space 65536K, 0% used [0x000000076ae00000,0x000000076ae00000,0x000000076ee00000)
  from space 10752K, 99% used [0x000000076f880000,0x00000007702f8af0,0x0000000770300000)
  to   space 10752K, 0% used [0x000000076ee00000,0x000000076ee00000,0x000000076f880000)
 ParOldGen       total 175104K, used 4432K [0x00000006c0a00000, 0x00000006cb500000, 0x000000076ae00000)
  object space 175104K, 2% used [0x00000006c0a00000,0x00000006c0e540a8,0x00000006cb500000)
 Metaspace       used 19970K, capacity 21314K, committed 21552K, reserved 1067008K
  class space    used 2938K, capacity 3188K, committed 3200K, reserved 1048576K
}
Event: 3.401 GC heap before
{Heap before GC invocations=3 (full 0):
 PSYoungGen      total 76288K, used 47595K [0x000000076ae00000, 0x0000000774300000, 0x00000007c0000000)
  eden space 65536K, 56% used [0x000000076ae00000,0x000000076d202190,0x000000076ee00000)
  from space 10752K, 99% used [0x000000076f880000,0x00000007702f8af0,0x0000000770300000)
  to   space 10752K, 0% used [0x000000076ee00000,0x000000076ee00000,0x000000076f880000)
 ParOldGen       total 175104K, used 4432K [0x00000006c0a00000, 0x00000006cb500000, 0x000000076ae00000)
  object space 175104K, 2% used [0x00000006c0a00000,0x00000006c0e540a8,0x00000006cb500000)
 Metaspace       used 20303K, capacity 21606K, committed 21628K, reserved 1067008K
  class space    used 2943K, capacity 3194K, committed 3200K, reserved 1048576K
Event: 3.411 GC heap after
Heap after GC invocations=3 (full 0):
 PSYoungGen      total 76288K, used 10738K [0x000000076ae00000, 0x0000000774300000, 0x00000007c0000000)
  eden space 65536K, 0% used [0x000000076ae00000,0x000000076ae00000,0x000000076ee00000)
  from space 10752K, 99% used [0x000000076ee00000,0x000000076f87cac0,0x000000076f880000)
  to   space 10752K, 0% used [0x0000000773880000,0x0000000773880000,0x0000000774300000)
 ParOldGen       total 175104K, used 8736K [0x00000006c0a00000, 0x00000006cb500000, 0x000000076ae00000)
  object space 175104K, 4% used [0x00000006c0a00000,0x00000006c12880a8,0x00000006cb500000)
 Metaspace       used 20303K, capacity 21606K, committed 21628K, reserved 1067008K
  class space    used 2943K, capacity 3194K, committed 3200K, reserved 1048576K
}
Event: 3.411 GC heap before
{Heap before GC invocations=4 (full 1):
 PSYoungGen      total 76288K, used 10738K [0x000000076ae00000, 0x0000000774300000, 0x00000007c0000000)
  eden space 65536K, 0% used [0x000000076ae00000,0x000000076ae00000,0x000000076ee00000)
  from space 10752K, 99% used [0x000000076ee00000,0x000000076f87cac0,0x000000076f880000)
  to   space 10752K, 0% used [0x0000000773880000,0x0000000773880000,0x0000000774300000)
 ParOldGen       total 175104K, used 8736K [0x00000006c0a00000, 0x00000006cb500000, 0x000000076ae00000)
  object space 175104K, 4% used [0x00000006c0a00000,0x00000006c12880a8,0x00000006cb500000)
 Metaspace       used 20303K, capacity 21606K, committed 21628K, reserved 1067008K
  class space    used 2943K, capacity 3194K, committed 3200K, reserved 1048576K
Event: 3.485 GC heap after
Heap after GC invocations=4 (full 1):
 PSYoungGen      total 76288K, used 0K [0x000000076ae00000, 0x0000000774300000, 0x00000007c0000000)
  eden space 65536K, 0% used [0x000000076ae00000,0x000000076ae00000,0x000000076ee00000)
  from space 10752K, 0% used [0x000000076ee00000,0x000000076ee00000,0x000000076f880000)
  to   space 10752K, 0% used [0x0000000773880000,0x0000000773880000,0x0000000774300000)
 ParOldGen       total 113152K, used 16949K [0x00000006c0a00000, 0x00000006c7880000, 0x000000076ae00000)
  object space 113152K, 14% used [0x00000006c0a00000,0x00000006c1a8d410,0x00000006c7880000)
 Metaspace       used 20303K, capacity 21606K, committed 21628K, reserved 1067008K
  class space    used 2943K, capacity 3194K, committed 3200K, reserved 1048576K
}
Event: 4.311 GC heap before
{Heap before GC invocations=5 (full 1):
 PSYoungGen      total 76288K, used 65536K [0x000000076ae00000, 0x0000000774300000, 0x00000007c0000000)
  eden space 65536K, 100% used [0x000000076ae00000,0x000000076ee00000,0x000000076ee00000)
  from space 10752K, 0% used [0x000000076ee00000,0x000000076ee00000,0x000000076f880000)
  to   space 10752K, 0% used [0x0000000773880000,0x0000000773880000,0x0000000774300000)
 ParOldGen       total 113152K, used 16949K [0x00000006c0a00000, 0x00000006c7880000, 0x000000076ae00000)
  object space 113152K, 14% used [0x00000006c0a00000,0x00000006c1a8d410,0x00000006c7880000)
 Metaspace       used 20581K, capacity 21866K, committed 21884K, reserved 1069056K
  class space    used 2946K, capacity 3194K, committed 3200K, reserved 1048576K
Event: 4.315 GC heap after
Heap after GC invocations=5 (full 1):
 PSYoungGen      total 109056K, used 7648K [0x000000076ae00000, 0x0000000774000000, 0x00000007c0000000)
  eden space 101376K, 0% used [0x000000076ae00000,0x000000076ae00000,0x0000000771100000)
  from space 7680K, 99% used [0x0000000773880000,0x0000000773ff8000,0x0000000774000000)
  to   space 10752K, 0% used [0x0000000772b00000,0x0000000772b00000,0x0000000773580000)
 ParOldGen       total 113152K, used 16957K [0x00000006c0a00000, 0x00000006c7880000, 0x000000076ae00000)
  object space 113152K, 14% used [0x00000006c0a00000,0x00000006c1a8f410,0x00000006c7880000)
 Metaspace       used 20581K, capacity 21866K, committed 21884K, reserved 1069056K
  class space    used 2946K, capacity 3194K, committed 3200K, reserved 1048576K
}

Deoptimization events (10 events):
Event: 3.313 Thread 0x000000002038b000 Uncommon trap: reason=array_check action=maybe_recompile pc=0x0000000004ef47f4 method=java.util.TimSort.reverseRange([Ljava/lang/Object;II)V @ 20
Event: 3.313 Thread 0x000000002038b000 Uncommon trap: reason=array_check action=maybe_recompile pc=0x0000000004ef47f4 method=java.util.TimSort.reverseRange([Ljava/lang/Object;II)V @ 20
Event: 3.313 Thread 0x000000002038b000 Uncommon trap: reason=array_check action=maybe_recompile pc=0x0000000004ef47f4 method=java.util.TimSort.reverseRange([Ljava/lang/Object;II)V @ 20
Event: 3.639 Thread 0x000000002038b000 Uncommon trap: reason=array_check action=maybe_recompile pc=0x0000000004f4bee8 method=java.util.TimSort.binarySort([Ljava/lang/Object;IIILjava/util/Comparator;)V @ 215
Event: 3.640 Thread 0x000000002038b000 Uncommon trap: reason=array_check action=maybe_recompile pc=0x0000000004f4bee8 method=java.util.TimSort.binarySort([Ljava/lang/Object;IIILjava/util/Comparator;)V @ 215
Event: 3.751 Thread 0x000000001fd4c000 Uncommon trap: reason=range_check action=make_not_entrant pc=0x00000000047c1eac method=java.util.ArrayList.elementData(I)Ljava/lang/Object; @ 5
Event: 3.803 Thread 0x000000002038b000 Uncommon trap: reason=array_check action=maybe_recompile pc=0x0000000004fd42f4 method=java.util.TimSort.reverseRange([Ljava/lang/Object;II)V @ 27
Event: 3.803 Thread 0x000000002038b000 Uncommon trap: reason=array_check action=maybe_recompile pc=0x0000000004fd42f4 method=java.util.TimSort.reverseRange([Ljava/lang/Object;II)V @ 27
Event: 3.913 Thread 0x000000001fd4c000 Uncommon trap: reason=unstable_if action=reinterpret pc=0x0000000004c6b85c method=java.lang.ref.ReferenceQueue.poll()Ljava/lang/ref/Reference; @ 4
Event: 4.344 Thread 0x000000002038b000 Uncommon trap: reason=unloaded action=reinterpret pc=0x00000000050bb2bc method=org.jnetpcap.packet.structure.AnnotatedFieldMethod$StringFunction.execute(Lorg/jnetpcap/packet/JHeader;Ljava/lang/String;)Ljava/lang/String; @ 76

Internal exceptions (10 events):
Event: 2.651 Thread 0x000000001fd4c000 Implicit null exception at 0x0000000004a16ada to 0x0000000004a17335
Event: 2.667 Thread 0x000000002038b000 Exception <a 'org/jnetpcap/packet/UnregisteredHeaderException': native scanner not registered under ID=15 (WEB_IMAGE)> (0x000000076e0cccf8) thrown at [C:\re\workspace\8-2-build-windows-amd64-cygwin\jdk8u151\9699\hotspot\src\share\vm\prims\jni.cpp, line 73
Event: 2.692 Thread 0x000000002038b000 Exception <a 'org/jnetpcap/packet/UnregisteredHeaderException': native scanner not registered under ID=38 (HEARTBEAT_ACK)> (0x000000076e2e6b40) thrown at [C:\re\workspace\8-2-build-windows-amd64-cygwin\jdk8u151\9699\hotspot\src\share\vm\prims\jni.cpp, lin
Event: 2.738 Thread 0x000000002038b000 Implicit null exception at 0x00000000049ed71a to 0x00000000049ed7b5
Event: 2.820 Thread 0x000000002038b000 Implicit null exception at 0x00000000049ef074 to 0x00000000049ef0e9
Event: 3.100 Thread 0x000000001fd4c000 Implicit null exception at 0x0000000004a34ac8 to 0x0000000004a34b02
Event: 3.751 Thread 0x000000001fd4c000 Exception <a 'java/lang/ArrayIndexOutOfBoundsException': -1> (0x000000076c26c718) thrown at [C:\re\workspace\8-2-build-windows-amd64-cygwin\jdk8u151\9699\hotspot\src\share\vm\interpreter\interpreterRuntime.cpp, line 366]
Event: 3.751 Thread 0x000000001fd4c000 Exception <a 'java/lang/reflect/InvocationTargetException'> (0x000000076c26cb08) thrown at [C:\re\workspace\8-2-build-windows-amd64-cygwin\jdk8u151\9699\hotspot\src\share\vm\runtime\reflection.cpp, line 1092]
Event: 3.751 Thread 0x000000001fd4c000 Exception <a 'java/lang/RuntimeException'> (0x000000076c26d2f8) thrown at [C:\re\workspace\8-2-build-windows-amd64-cygwin\jdk8u151\9699\hotspot\src\share\vm\prims\jvm.cpp, line 1394]
Event: 4.344 Thread 0x000000001fd4c000 JVM_StopThread thread JavaThread 0x000000002038b000 as oop 0x00000006c1609f40 [exception 0x0000000020dfbd48]

Events (10 events):
Event: 4.315 Executing VM operation: ParallelGCFailedAllocation done
Event: 4.325 Thread 0x000000001fd4c000 DEOPT PACKING pc=0x0000000004ac7ed2 sp=0x0000000020dfcbd0
Event: 4.325 Thread 0x000000001fd4c000 DEOPT UNPACKING pc=0x000000000459787f sp=0x0000000020dfc930 mode 0
Event: 4.330 Thread 0x000000002038b000 DEOPT PACKING pc=0x0000000004ed4b2f sp=0x000000002abce740
Event: 4.330 Thread 0x000000002038b000 DEOPT UNPACKING pc=0x000000000459787f sp=0x000000002abce4f0 mode 0
Event: 4.344 Executing VM operation: ThreadStop
Event: 4.344 Executing VM operation: ThreadStop done
Event: 4.344 Thread 0x000000002038b000 Uncommon trap: trap_request=0x0000002a fr.pc=0x00000000050bb2bc
Event: 4.344 Thread 0x000000002038b000 DEOPT PACKING pc=0x00000000050bb2bc sp=0x000000002abce4c0
Event: 4.344 Thread 0x000000002038b000 DEOPT UNPACKING pc=0x000000000459582a sp=0x000000002abce408 mode 2


Dynamic libraries:
0x00007ff6647d0000 - 0x00007ff664807000 	C:\Program Files\Java\jdk1.8.0_151\jre\bin\java.exe
0x00007ffaaf0a0000 - 0x00007ffaaf280000 	C:\WINDOWS\SYSTEM32\ntdll.dll
0x00007ffaacd30000 - 0x00007ffaacdde000 	C:\WINDOWS\System32\KERNEL32.DLL
0x00007ffaac030000 - 0x00007ffaac296000 	C:\WINDOWS\System32\KERNELBASE.dll
0x00007ffaae940000 - 0x00007ffaae9e1000 	C:\WINDOWS\System32\ADVAPI32.dll
0x00007ffaac620000 - 0x00007ffaac6bd000 	C:\WINDOWS\System32\msvcrt.dll
0x00007ffaac850000 - 0x00007ffaac8ab000 	C:\WINDOWS\System32\sechost.dll
0x00007ffaacde0000 - 0x00007ffaaceff000 	C:\WINDOWS\System32\RPCRT4.dll
0x00007ffaac6c0000 - 0x00007ffaac84f000 	C:\WINDOWS\System32\USER32.dll
0x00007ffaab640000 - 0x00007ffaab660000 	C:\WINDOWS\System32\win32u.dll
0x00007ffaaecb0000 - 0x00007ffaaecd8000 	C:\WINDOWS\System32\GDI32.dll
0x00007ffaab4a0000 - 0x00007ffaab633000 	C:\WINDOWS\System32\gdi32full.dll
0x00007ffaac480000 - 0x00007ffaac51b000 	C:\WINDOWS\System32\msvcp_win.dll
0x00007ffaac380000 - 0x00007ffaac476000 	C:\WINDOWS\System32\ucrtbase.dll
0x00007ffaa1230000 - 0x00007ffaa1499000 	C:\WINDOWS\WinSxS\amd64_microsoft.windows.common-controls_6595b64144ccf1df_6.0.16299.125_none_15cbcf8893620c09\COMCTL32.dll
0x00007ffaaca20000 - 0x00007ffaacd28000 	C:\WINDOWS\System32\combase.dll
0x00007ffaac300000 - 0x00007ffaac372000 	C:\WINDOWS\System32\bcryptPrimitives.dll
0x00007ffaaee20000 - 0x00007ffaaee4d000 	C:\WINDOWS\System32\IMM32.DLL
0x0000000069e20000 - 0x0000000069ef2000 	C:\Program Files\Java\jdk1.8.0_151\jre\bin\msvcr100.dll
0x0000000069f00000 - 0x000000006a79d000 	C:\Program Files\Java\jdk1.8.0_151\jre\bin\server\jvm.dll
0x00007ffaaee00000 - 0x00007ffaaee08000 	C:\WINDOWS\System32\PSAPI.DLL
0x00007ffaa84d0000 - 0x00007ffaa84f3000 	C:\WINDOWS\SYSTEM32\WINMM.dll
0x00007ffaa68a0000 - 0x00007ffaa68aa000 	C:\WINDOWS\SYSTEM32\VERSION.dll
0x00007ffaa8470000 - 0x00007ffaa849a000 	C:\WINDOWS\SYSTEM32\winmmbase.dll
0x00007ffaac520000 - 0x00007ffaac56a000 	C:\WINDOWS\System32\cfgmgr32.dll
0x00007ffa9a680000 - 0x00007ffa9a689000 	C:\WINDOWS\SYSTEM32\WSOCK32.dll
0x00007ffaac910000 - 0x00007ffaac97c000 	C:\WINDOWS\System32\ws2_32.DLL
0x0000000069dd0000 - 0x0000000069ddf000 	C:\Program Files\Java\jdk1.8.0_151\jre\bin\verify.dll
0x0000000069da0000 - 0x0000000069dc9000 	C:\Program Files\Java\jdk1.8.0_151\jre\bin\java.dll
0x0000000069d80000 - 0x0000000069d96000 	C:\Program Files\Java\jdk1.8.0_151\jre\bin\zip.dll
0x00007ffaacf00000 - 0x00007ffaae336000 	C:\WINDOWS\System32\SHELL32.dll
0x00007ffaac570000 - 0x00007ffaac616000 	C:\WINDOWS\System32\shcore.dll
0x00007ffaab710000 - 0x00007ffaabe57000 	C:\WINDOWS\System32\windows.storage.dll
0x00007ffaaeff0000 - 0x00007ffaaf041000 	C:\WINDOWS\System32\shlwapi.dll
0x00007ffaab410000 - 0x00007ffaab421000 	C:\WINDOWS\System32\kernel.appcore.dll
0x00007ffaab450000 - 0x00007ffaab49c000 	C:\WINDOWS\System32\powrprof.dll
0x00007ffaab3f0000 - 0x00007ffaab40b000 	C:\WINDOWS\System32\profapi.dll
0x00000000042e0000 - 0x00000000042e3000 	C:\Program Files\Java\jdk1.8.0_151\jre\bin\api-ms-win-core-console-l1-1-0.dll
0x00000000042f0000 - 0x00000000042f3000 	C:\Program Files\Java\jdk1.8.0_151\jre\bin\api-ms-win-core-datetime-l1-1-0.dll
0x0000000004300000 - 0x0000000004303000 	C:\Program Files\Java\jdk1.8.0_151\jre\bin\api-ms-win-core-debug-l1-1-0.dll
0x0000000004310000 - 0x0000000004313000 	C:\Program Files\Java\jdk1.8.0_151\jre\bin\api-ms-win-core-errorhandling-l1-1-0.dll
0x0000000004320000 - 0x0000000004324000 	C:\Program Files\Java\jdk1.8.0_151\jre\bin\api-ms-win-core-file-l1-1-0.dll
0x0000000004330000 - 0x0000000004333000 	C:\Program Files\Java\jdk1.8.0_151\jre\bin\api-ms-win-core-file-l1-2-0.dll
0x000000001fb10000 - 0x000000001fb13000 	C:\Program Files\Java\jdk1.8.0_151\jre\bin\api-ms-win-core-file-l2-1-0.dll
0x000000001fb20000 - 0x000000001fb23000 	C:\Program Files\Java\jdk1.8.0_151\jre\bin\api-ms-win-core-handle-l1-1-0.dll
0x000000001fb30000 - 0x000000001fb33000 	C:\Program Files\Java\jdk1.8.0_151\jre\bin\api-ms-win-core-heap-l1-1-0.dll
0x000000001fb40000 - 0x000000001fb43000 	C:\Program Files\Java\jdk1.8.0_151\jre\bin\api-ms-win-core-interlocked-l1-1-0.dll
0x000000001fb50000 - 0x000000001fb53000 	C:\Program Files\Java\jdk1.8.0_151\jre\bin\api-ms-win-core-libraryloader-l1-1-0.dll
0x000000001fb60000 - 0x000000001fb63000 	C:\Program Files\Java\jdk1.8.0_151\jre\bin\api-ms-win-core-localization-l1-2-0.dll
0x000000001fb70000 - 0x000000001fb73000 	C:\Program Files\Java\jdk1.8.0_151\jre\bin\api-ms-win-core-memory-l1-1-0.dll
0x000000001fb80000 - 0x000000001fb83000 	C:\Program Files\Java\jdk1.8.0_151\jre\bin\api-ms-win-core-namedpipe-l1-1-0.dll
0x000000001fb90000 - 0x000000001fb93000 	C:\Program Files\Java\jdk1.8.0_151\jre\bin\api-ms-win-core-processenvironment-l1-1-0.dll
0x000000001fba0000 - 0x000000001fba3000 	C:\Program Files\Java\jdk1.8.0_151\jre\bin\api-ms-win-core-processthreads-l1-1-0.dll
0x000000001fbb0000 - 0x000000001fbb3000 	C:\Program Files\Java\jdk1.8.0_151\jre\bin\api-ms-win-core-processthreads-l1-1-1.dll
0x000000001fbc0000 - 0x000000001fbc3000 	C:\Program Files\Java\jdk1.8.0_151\jre\bin\api-ms-win-core-profile-l1-1-0.dll
0x000000001fbd0000 - 0x000000001fbd3000 	C:\Program Files\Java\jdk1.8.0_151\jre\bin\api-ms-win-core-rtlsupport-l1-1-0.dll
0x000000001fbe0000 - 0x000000001fbe3000 	C:\Program Files\Java\jdk1.8.0_151\jre\bin\api-ms-win-core-string-l1-1-0.dll
0x000000001fbf0000 - 0x000000001fbf3000 	C:\Program Files\Java\jdk1.8.0_151\jre\bin\api-ms-win-core-synch-l1-1-0.dll
0x000000001fc00000 - 0x000000001fc03000 	C:\Program Files\Java\jdk1.8.0_151\jre\bin\api-ms-win-core-synch-l1-2-0.dll
0x000000001fc10000 - 0x000000001fc13000 	C:\Program Files\Java\jdk1.8.0_151\jre\bin\api-ms-win-core-sysinfo-l1-1-0.dll
0x000000001fc20000 - 0x000000001fc23000 	C:\Program Files\Java\jdk1.8.0_151\jre\bin\api-ms-win-core-timezone-l1-1-0.dll
0x000000001fc30000 - 0x000000001fc33000 	C:\Program Files\Java\jdk1.8.0_151\jre\bin\api-ms-win-core-util-l1-1-0.dll
0x000000001fc40000 - 0x000000001fc43000 	C:\Program Files\Java\jdk1.8.0_151\jre\bin\api-ms-win-crt-conio-l1-1-0.dll
0x000000001fc50000 - 0x000000001fc54000 	C:\Program Files\Java\jdk1.8.0_151\jre\bin\api-ms-win-crt-convert-l1-1-0.dll
0x000000001fc60000 - 0x000000001fc63000 	C:\Program Files\Java\jdk1.8.0_151\jre\bin\api-ms-win-crt-environment-l1-1-0.dll
0x000000001fc70000 - 0x000000001fc73000 	C:\Program Files\Java\jdk1.8.0_151\jre\bin\api-ms-win-crt-filesystem-l1-1-0.dll
0x000000001fc80000 - 0x000000001fc83000 	C:\Program Files\Java\jdk1.8.0_151\jre\bin\api-ms-win-crt-heap-l1-1-0.dll
0x000000001fc90000 - 0x000000001fc93000 	C:\Program Files\Java\jdk1.8.0_151\jre\bin\api-ms-win-crt-locale-l1-1-0.dll
0x000000001fca0000 - 0x000000001fca5000 	C:\Program Files\Java\jdk1.8.0_151\jre\bin\api-ms-win-crt-math-l1-1-0.dll
0x000000001fcb0000 - 0x000000001fcb5000 	C:\Program Files\Java\jdk1.8.0_151\jre\bin\api-ms-win-crt-multibyte-l1-1-0.dll
0x000000001fcc0000 - 0x000000001fcd0000 	C:\Program Files\Java\jdk1.8.0_151\jre\bin\api-ms-win-crt-private-l1-1-0.dll
0x000000001fcd0000 - 0x000000001fcd3000 	C:\Program Files\Java\jdk1.8.0_151\jre\bin\api-ms-win-crt-process-l1-1-0.dll
0x000000001fce0000 - 0x000000001fce4000 	C:\Program Files\Java\jdk1.8.0_151\jre\bin\api-ms-win-crt-runtime-l1-1-0.dll
0x000000001fcf0000 - 0x000000001fcf4000 	C:\Program Files\Java\jdk1.8.0_151\jre\bin\api-ms-win-crt-stdio-l1-1-0.dll
0x000000001fd00000 - 0x000000001fd04000 	C:\Program Files\Java\jdk1.8.0_151\jre\bin\api-ms-win-crt-string-l1-1-0.dll
0x000000001fd10000 - 0x000000001fd13000 	C:\Program Files\Java\jdk1.8.0_151\jre\bin\api-ms-win-crt-time-l1-1-0.dll
0x000000001fd20000 - 0x000000001fd23000 	C:\Program Files\Java\jdk1.8.0_151\jre\bin\api-ms-win-crt-utility-l1-1-0.dll
0x00007ffa6cdf0000 - 0x00007ffa6cee6000 	C:\Program Files\Java\jdk1.8.0_151\jre\bin\ucrtbase.dll
0x00007ffaa0cb0000 - 0x00007ffaa0d01000 	C:\Program Files\Java\jdk1.8.0_151\jre\bin\concrt140.dll
0x00007ffaa0320000 - 0x00007ffaa03bc000 	C:\Program Files\Java\jdk1.8.0_151\jre\bin\MSVCP140.dll
0x00007ffaa0300000 - 0x00007ffaa0316000 	C:\Program Files\Java\jdk1.8.0_151\jre\bin\VCRUNTIME140.dll
0x0000000067760000 - 0x0000000067783000 	C:\Program Files\Java\jdk1.8.0_151\jre\bin\prism_d3d.dll
0x00007ffa882c0000 - 0x00007ffa88455000 	C:\WINDOWS\system32\d3d9.dll
0x00007ffaa9ca0000 - 0x00007ffaa9cca000 	C:\WINDOWS\SYSTEM32\dwmapi.dll
0x00007ffaa9bd0000 - 0x00007ffaa9c65000 	C:\WINDOWS\system32\uxtheme.dll
0x00007ffaa3300000 - 0x00007ffaa33ea000 	C:\WINDOWS\System32\DriverStore\FileRepository\nv_dispi.inf_amd64_c68c1eb90f6d242e\nvldumdx.dll
0x00007ffaabe60000 - 0x00007ffaac02e000 	C:\WINDOWS\System32\crypt32.dll
0x00007ffaab430000 - 0x00007ffaab442000 	C:\WINDOWS\System32\MSASN1.dll
0x00007ffaac2a0000 - 0x00007ffaac2f8000 	C:\WINDOWS\System32\WINTRUST.DLL
0x00007ffaaf050000 - 0x00007ffaaf06d000 	C:\WINDOWS\System32\imagehlp.dll
0x00007ffaaae40000 - 0x00007ffaaae57000 	C:\WINDOWS\SYSTEM32\CRYPTSP.dll
0x00007ffaaa890000 - 0x00007ffaaa8c3000 	C:\WINDOWS\system32\rsaenh.dll
0x00007ffaaaf50000 - 0x00007ffaaaf75000 	C:\WINDOWS\SYSTEM32\bcrypt.dll
0x00007ffaaae60000 - 0x00007ffaaae6b000 	C:\WINDOWS\SYSTEM32\CRYPTBASE.dll
0x00007ffa6bc10000 - 0x00007ffa6cde7000 	C:\WINDOWS\System32\DriverStore\FileRepository\nv_dispi.inf_amd64_c68c1eb90f6d242e\nvd3dumx.dll
0x00007ffa95360000 - 0x00007ffa955b4000 	C:\WINDOWS\system32\nvspcap64.dll
0x00007ffaae9f0000 - 0x00007ffaaeb39000 	C:\WINDOWS\System32\ole32.dll
0x00007ffaaa530000 - 0x00007ffaaa561000 	C:\WINDOWS\SYSTEM32\ntmarta.dll
0x0000000067710000 - 0x0000000067759000 	C:\Program Files\Java\jdk1.8.0_151\jre\bin\glass.dll
0x00007ffaaecf0000 - 0x00007ffaaedfa000 	C:\WINDOWS\System32\COMDLG32.dll
0x00007ffaae3c0000 - 0x00007ffaae485000 	C:\WINDOWS\System32\OLEAUT32.dll
0x00007ffaaeb40000 - 0x00007ffaaeca7000 	C:\WINDOWS\System32\MSCTF.dll
0x00007ffa8b4d0000 - 0x00007ffa8b4e7000 	C:\Program Files (x86)\LG Electronics\OnScreen Control\bin\ScreenSplitterHook641.dll
0x00007ffa95680000 - 0x00007ffa956fc000 	C:\Program Files (x86)\TeamViewer\tv_x64.dll
0x00007ffaa1100000 - 0x00007ffaa11eb000 	C:\Program Files (x86)\NVIDIA Corporation\3D Vision\nvSCPAPI64.dll
0x00007ffaae4f0000 - 0x00007ffaae93e000 	C:\WINDOWS\System32\SETUPAPI.dll
0x00000000676f0000 - 0x0000000067704000 	C:\Program Files\Java\jdk1.8.0_151\jre\bin\javafx_font.dll
0x0000000063b40000 - 0x0000000063c0b000 	E:\Google Drive\My Projects\Wirefish\Wirefish\Jnetpcap\jnetpcap-1.4.r1425\jnetpcap.dll
0x0000000180000000 - 0x0000000180065000 	C:\WINDOWS\SYSTEM32\wpcap.dll
0x00007ffaaaa10000 - 0x00007ffaaaa49000 	C:\WINDOWS\SYSTEM32\IPHLPAPI.DLL
0x00000000271e0000 - 0x00000000271ff000 	C:\WINDOWS\SYSTEM32\packet.dll
0x0000000062a80000 - 0x0000000062a95000 	E:\Google Drive\My Projects\Wirefish\Wirefish\Jnetpcap\jnetpcap-1.4.r1425\jnetpcap-pcap100.dll
0x00007ffaaece0000 - 0x00007ffaaece8000 	C:\WINDOWS\System32\NSI.dll
0x00007ffaa6a60000 - 0x00007ffaa6a76000 	C:\WINDOWS\SYSTEM32\dhcpcsvc6.DLL
0x00007ffaa68b0000 - 0x00007ffaa68ca000 	C:\WINDOWS\SYSTEM32\dhcpcsvc.DLL
0x00007ffa992e0000 - 0x00007ffa995ef000 	C:\WINDOWS\SYSTEM32\dwrite.dll
0x00007ffaac980000 - 0x00007ffaaca1e000 	C:\WINDOWS\System32\clbcatq.dll
0x00007ffaa6b20000 - 0x00007ffaa6ccb000 	C:\WINDOWS\SYSTEM32\WindowsCodecs.dll
0x00007ffaa0e90000 - 0x00007ffaa0edf000 	C:\WINDOWS\system32\dataexchange.dll
0x00007ffaa9380000 - 0x00007ffaa94c2000 	C:\WINDOWS\system32\dcomp.dll
0x00007ffaa89f0000 - 0x00007ffaa8cd1000 	C:\WINDOWS\system32\d3d11.dll
0x00007ffaaa260000 - 0x00007ffaaa30f000 	C:\WINDOWS\system32\dxgi.dll
0x00007ffaa9d90000 - 0x00007ffaa9f0b000 	C:\WINDOWS\system32\twinapi.appcore.dll
0x00007ffaa9f10000 - 0x00007ffaa9f30000 	C:\WINDOWS\system32\RMCLIENT.dll
0x00007ffa9fcc0000 - 0x00007ffa9fcf4000 	C:\Program Files\Common Files\Microsoft Shared\Ink\rtscom.dll
0x00007ffa9fe30000 - 0x00007ffa9fec8000 	C:\WINDOWS\System32\TextInputFramework.dll
0x00007ffaa92a0000 - 0x00007ffaa937d000 	C:\WINDOWS\System32\CoreMessaging.dll
0x00007ffaa65b0000 - 0x00007ffaa689e000 	C:\WINDOWS\System32\CoreUIComponents.dll

VM Arguments:
jvm_args: -Dfile.encoding=UTF-8 -Djava.library.path=Jnetpcap\jnetpcap-1.4.r1425 
java_command: E:\Google Drive\My Projects\Wirefish\Wirefish\dist\run1694882907\Wirefish.jar
java_class_path (initial): E:\Google Drive\My Projects\Wirefish\Wirefish\dist\run1694882907\Wirefish.jar
Launcher Type: SUN_STANDARD

Environment Variables:
PATH=C:\ProgramData\Oracle\Java\javapath;C:\WINDOWS\system32;C:\WINDOWS;C:\WINDOWS\System32\Wbem;C:\WINDOWS\System32\WindowsPowerShell\v1.0\;C:\Program Files (x86)\NVIDIA Corporation\PhysX\Common;C:\Users\Hesham-Desktop\AppData\Local\Microsoft\WindowsApps;
USERNAME=Hesham-Desktop
OS=Windows_NT
PROCESSOR_IDENTIFIER=Intel64 Family 6 Model 94 Stepping 3, GenuineIntel



---------------  S Y S T E M  ---------------

OS: Windows 10.0 , 64 bit Build 16299 (10.0.16299.15)

CPU:total 4 (initial active 4) (4 cores per cpu, 1 threads per core) family 6 model 94 stepping 3, cmov, cx8, fxsr, mmx, sse, sse2, sse3, ssse3, sse4.1, sse4.2, popcnt, avx, avx2, aes, clmul, erms, rtm, 3dnowpref, lzcnt, tsc, tscinvbit, bmi1, bmi2, adx

Memory: 4k page, physical 16728116k(10473816k free), swap 19218484k(11286904k free)

vm_info: Java HotSpot(TM) 64-Bit Server VM (25.151-b12) for windows-amd64 JRE (1.8.0_151-b12), built on Sep  5 2017 19:33:46 by "java_re" with MS VC++ 10.0 (VS2010)

time: Tue Dec 19 15:48:46 2017
elapsed time: 4 seconds (0d 0h 0m 4s)

